<?xml version="1.0" encoding="UTF-8"?>
<!-- Generated by org.testng.reporters.JUnitReportReporter -->
<testsuite hostname="SSHQNL-NB974" failures="0" tests="1" name="BaseTest.ApiChallengeNegativeTest" time="2.821" errors="0" timestamp="2022-06-25T19:27:15 CEST" skipped="0">
  <testcase classname="BaseTest.ApiChallengeNegativeTest" name="testValidateFormatOfEmailsInCommentsSectionForAllPostsOfAUser" time="2.821"/>
  <system-out/>
</testsuite> <!-- BaseTest.ApiChallengeNegativeTest -->
